<?xml version="1.0" encoding="UTF-8"?>
<!-- Generated by org.testng.reporters.JUnitReportReporter -->
<testsuite hostname="DESKTOP-CDIFIMO" failures="0" tests="1" name="JavaTest.BrowserTest" time="23.678" errors="0" timestamp="2024-12-20T11:13:40 BDT" skipped="0">
  <testcase classname="JavaTest.BrowserTest" name="validLogin" time="23.678"/>
</testsuite> <!-- JavaTest.BrowserTest -->
